0 info it worked if it ends with ok
1 verbose cli [ 'C:\\Program Files\\nodejs\\node.exe',
1 verbose cli   'C:\\Program Files\\nodejs\\node_modules\\npm\\bin\\npm-cli.js',
1 verbose cli   'start' ]
2 info using npm@3.10.10
3 info using node@v6.11.3
4 verbose run-script [ 'prestart', 'start', 'poststart' ]
5 info lifecycle node-mysql-nesting@0.0.1~prestart: node-mysql-nesting@0.0.1
6 silly lifecycle node-mysql-nesting@0.0.1~prestart: no script for prestart, continuing
7 info lifecycle node-mysql-nesting@0.0.1~start: node-mysql-nesting@0.0.1
8 verbose lifecycle node-mysql-nesting@0.0.1~start: unsafe-perm in lifecycle true
9 verbose lifecycle node-mysql-nesting@0.0.1~start: PATH: C:\Program Files\nodejs\node_modules\npm\bin\node-gyp-bin;D:\Omar\me\current\templateProject\1\templateGithub\repository\template_backend\nodejs\libraries\node-mysql-nesting-master_json\node_modules\.bin;C:\ProgramData\Oracle\Java\javapath;C:\Windows\system32;C:\Windows;C:\Windows\System32\Wbem;C:\Windows\System32\WindowsPowerShell\v1.0\;C:\Program Files\TortoiseSVN\bin;C:\Program Files\nodejs\;C:\Program Files (x86)\Git\cmd;D:\Omar\Android\sdk\tools;D:\Omar\Android\sdk\platform-tools;C:\Users\net22\AppData\Local\Programs\Python\Python36-32\Scripts\;C:\Users\net22\AppData\Local\Programs\Python\Python36-32\;C:\Users\net22\AppData\Roaming\npm
10 verbose lifecycle node-mysql-nesting@0.0.1~start: CWD: D:\Omar\me\current\templateProject\1\templateGithub\repository\template_backend\nodejs\libraries\node-mysql-nesting-master_json
11 silly lifecycle node-mysql-nesting@0.0.1~start: Args: [ '/d /s /c', 'node app.js' ]
12 silly lifecycle node-mysql-nesting@0.0.1~start: Returned: code: 3221225786  signal: null
13 info lifecycle node-mysql-nesting@0.0.1~start: Failed to exec start script
14 verbose stack Error: node-mysql-nesting@0.0.1 start: `node app.js`
14 verbose stack Exit status 3221225786
14 verbose stack     at EventEmitter.<anonymous> (C:\Program Files\nodejs\node_modules\npm\lib\utils\lifecycle.js:255:16)
14 verbose stack     at emitTwo (events.js:106:13)
14 verbose stack     at EventEmitter.emit (events.js:191:7)
14 verbose stack     at ChildProcess.<anonymous> (C:\Program Files\nodejs\node_modules\npm\lib\utils\spawn.js:40:14)
14 verbose stack     at emitTwo (events.js:106:13)
14 verbose stack     at ChildProcess.emit (events.js:191:7)
14 verbose stack     at maybeClose (internal/child_process.js:920:16)
14 verbose stack     at Process.ChildProcess._handle.onexit (internal/child_process.js:230:5)
15 verbose pkgid node-mysql-nesting@0.0.1
16 verbose cwd D:\Omar\me\current\templateProject\1\templateGithub\repository\template_backend\nodejs\libraries\node-mysql-nesting-master_json
17 error Windows_NT 10.0.10240
18 error argv "C:\\Program Files\\nodejs\\node.exe" "C:\\Program Files\\nodejs\\node_modules\\npm\\bin\\npm-cli.js" "start"
19 error node v6.11.3
20 error npm  v3.10.10
21 error code ELIFECYCLE
22 error node-mysql-nesting@0.0.1 start: `node app.js`
22 error Exit status 3221225786
23 error Failed at the node-mysql-nesting@0.0.1 start script 'node app.js'.
23 error Make sure you have the latest version of node.js and npm installed.
23 error If you do, this is most likely a problem with the node-mysql-nesting package,
23 error not with npm itself.
23 error Tell the author that this fails on your system:
23 error     node app.js
23 error You can get information on how to open an issue for this project with:
23 error     npm bugs node-mysql-nesting
23 error Or if that isn't available, you can get their info via:
23 error     npm owner ls node-mysql-nesting
23 error There is likely additional logging output above.
24 verbose exit [ 1, true ]
